android/app/build/intermediates/manifest_merge_blame_file/release/manifest-merger-blame-release-report.txt
1<?xml version="1.0" encoding="utf-8"?>
2<manifest xmlns:android="http://schemas.android.com/apk/res/android"
3    package="com.aiba"
4    android:versionCode="1008005042"
5    android:versionName="1.3.42" >
6
7    <uses-sdk
8        android:minSdkVersion="21"
8-->src/main/AndroidManifest.xml
9        android:targetSdkVersion="31" />
9-->src/main/AndroidManifest.xml
10
11    <uses-permission android:name="android.permission.INTERNET" />
11-->src/main/AndroidManifest.xml:4:5-67
11-->src/main/AndroidManifest.xml:4:22-64
12    <uses-permission android:name="android.permission.WRITE_EXTERNAL_STORAGE" />
12-->src/main/AndroidManifest.xml:5:5-81
12-->src/main/AndroidManifest.xml:5:22-78
13    <uses-permission android:name="android.permission.ACCESS_NETWORK_STATE" />
13-->[:react-native-community_netinfo] AndroidManifest.xml:9:5-79
13-->[:react-native-community_netinfo] AndroidManifest.xml:9:22-76
14    <uses-permission android:name="android.permission.ACCESS_WIFI_STATE" />
14-->[:react-native-community_netinfo] AndroidManifest.xml:10:5-76
14-->[:react-native-community_netinfo] AndroidManifest.xml:10:22-73
15    <uses-permission android:name="android.permission.WAKE_LOCK" /> <!-- Required by older versions of Google Play services to create IID tokens -->
15-->[:react-native-firebase_messaging] AndroidManifest.xml:10:5-68
15-->[:react-native-firebase_messaging] AndroidManifest.xml:10:22-65
16    <uses-permission android:name="com.google.android.c2dm.permission.RECEIVE" />
16-->[com.google.firebase:firebase-messaging:23.0.0] AndroidManifest.xml:25:5-82
16-->[com.google.firebase:firebase-messaging:23.0.0] AndroidManifest.xml:25:22-79
17
18    <queries>
18-->[com.razorpay:checkout:1.6.26] AndroidManifest.xml:11:5-37:15
19        <intent>
19-->[com.razorpay:checkout:1.6.26] AndroidManifest.xml:12:9-18:18
20            <action android:name="android.intent.action.VIEW" />
20-->src/main/AndroidManifest.xml:44:12-65
20-->src/main/AndroidManifest.xml:44:20-61
21
22            <data
22-->src/main/AndroidManifest.xml:48:12-61
23                android:mimeType="*/*"
24                android:scheme="*" />
24-->src/main/AndroidManifest.xml:48:37-58
25        </intent>
26        <intent>
26-->[com.razorpay:checkout:1.6.26] AndroidManifest.xml:19:9-28:18
27            <action android:name="android.intent.action.VIEW" />
27-->src/main/AndroidManifest.xml:44:12-65
27-->src/main/AndroidManifest.xml:44:20-61
28
29            <category android:name="android.intent.category.BROWSABLE" />
29-->src/main/AndroidManifest.xml:46:12-73
29-->src/main/AndroidManifest.xml:46:22-70
30
31            <data
31-->src/main/AndroidManifest.xml:48:12-61
32                android:host="pay"
32-->src/main/AndroidManifest.xml:48:18-36
33                android:mimeType="*/*"
34                android:scheme="upi" />
34-->src/main/AndroidManifest.xml:48:37-58
35        </intent>
36        <intent>
36-->[com.razorpay:checkout:1.6.26] AndroidManifest.xml:29:9-31:18
37            <action android:name="android.intent.action.MAIN" />
37-->src/main/AndroidManifest.xml:24:15-67
37-->src/main/AndroidManifest.xml:24:23-64
38        </intent>
39        <intent>
39-->[com.razorpay:checkout:1.6.26] AndroidManifest.xml:32:9-36:18
40            <action android:name="android.intent.action.SEND" />
40-->[com.razorpay:checkout:1.6.26] AndroidManifest.xml:33:13-65
40-->[com.razorpay:checkout:1.6.26] AndroidManifest.xml:33:21-62
41
42            <data android:mimeType="*/*" />
42-->src/main/AndroidManifest.xml:48:12-61
43        </intent>
44    </queries>
45
46    <uses-feature
46-->[com.google.android.gms:play-services-maps:17.0.0] AndroidManifest.xml:26:5-28:35
47        android:glEsVersion="0x00020000"
47-->[com.google.android.gms:play-services-maps:17.0.0] AndroidManifest.xml:27:9-41
48        android:required="true" />
48-->[com.google.android.gms:play-services-maps:17.0.0] AndroidManifest.xml:28:9-32
49
50    <application
50-->src/main/AndroidManifest.xml:9:5-52:19
51        android:name="com.aiba.MainApplication"
51-->src/main/AndroidManifest.xml:10:7-38
52        android:allowBackup="false"
52-->src/main/AndroidManifest.xml:14:7-34
53        android:appComponentFactory="androidx.core.app.CoreComponentFactory"
53-->[androidx.core:core:1.6.0] AndroidManifest.xml:24:18-86
54        android:icon="@mipmap/ic_launcher"
54-->src/main/AndroidManifest.xml:12:7-41
55        android:label="@string/app_name"
55-->src/main/AndroidManifest.xml:11:7-39
56        android:roundIcon="@mipmap/ic_launcher_round"
56-->src/main/AndroidManifest.xml:13:7-52
57        android:theme="@style/AppTheme" >
57-->src/main/AndroidManifest.xml:15:7-38
58        <activity
58-->src/main/AndroidManifest.xml:18:7-27:18
59            android:name="com.aiba.SplashActivity"
59-->src/main/AndroidManifest.xml:19:11-41
60            android:exported="true"
60-->src/main/AndroidManifest.xml:20:11-34
61            android:label="@string/app_name"
61-->src/main/AndroidManifest.xml:22:11-43
62            android:theme="@style/SplashTheme" >
62-->src/main/AndroidManifest.xml:21:11-45
63            <intent-filter>
63-->src/main/AndroidManifest.xml:23:11-26:27
64                <action android:name="android.intent.action.MAIN" />
64-->src/main/AndroidManifest.xml:24:15-67
64-->src/main/AndroidManifest.xml:24:23-64
65
66                <category android:name="android.intent.category.LAUNCHER" />
66-->src/main/AndroidManifest.xml:25:15-75
66-->src/main/AndroidManifest.xml:25:25-72
67            </intent-filter>
68        </activity>
69        <activity
69-->src/main/AndroidManifest.xml:29:7-51:18
70            android:name="com.aiba.MainActivity"
70-->src/main/AndroidManifest.xml:30:9-37
71            android:configChanges="keyboard|keyboardHidden|orientation|screenSize|uiMode"
71-->src/main/AndroidManifest.xml:33:9-86
72            android:exported="true"
72-->src/main/AndroidManifest.xml:31:9-32
73            android:label="@string/app_name"
73-->src/main/AndroidManifest.xml:32:9-41
74            android:launchMode="singleTask"
74-->src/main/AndroidManifest.xml:34:9-40
75            android:screenOrientation="portrait"
75-->src/main/AndroidManifest.xml:36:9-45
76            android:windowSoftInputMode="adjustResize" >
76-->src/main/AndroidManifest.xml:35:9-51
77
78            <!--
79        <intent-filter>
80            <action android:name="android.intent.action.MAIN" />
81            <category android:name="android.intent.category.LAUNCHER" />
82        </intent-filter>
83            -->
84
85
86            <!-- this is for deeplink -->
87            <intent-filter>
87-->src/main/AndroidManifest.xml:43:9-49:25
88                <action android:name="android.intent.action.VIEW" />
88-->src/main/AndroidManifest.xml:44:12-65
88-->src/main/AndroidManifest.xml:44:20-61
89
90                <category android:name="android.intent.category.DEFAULT" />
90-->src/main/AndroidManifest.xml:45:12-71
90-->src/main/AndroidManifest.xml:45:22-68
91                <category android:name="android.intent.category.BROWSABLE" />
91-->src/main/AndroidManifest.xml:46:12-73
91-->src/main/AndroidManifest.xml:46:22-70
92
93                <data
93-->src/main/AndroidManifest.xml:48:12-61
94                    android:host="app"
94-->src/main/AndroidManifest.xml:48:18-36
95                    android:scheme="aiba" />
95-->src/main/AndroidManifest.xml:48:37-58
96            </intent-filter>
97        </activity>
98        <activity
98-->[:react-native-razorpay] AndroidManifest.xml:10:9-12:86
99            android:name="com.razorpay.CheckoutActivity"
99-->[:react-native-razorpay] AndroidManifest.xml:11:13-57
100            android:configChanges="keyboard|keyboardHidden|orientation|screenSize"
100-->[:react-native-razorpay] AndroidManifest.xml:12:13-83
101            android:exported="true"
101-->[com.razorpay:checkout:1.6.26] AndroidManifest.xml:51:13-36
102            android:theme="@style/CheckoutTheme" >
102-->[com.razorpay:checkout:1.6.26] AndroidManifest.xml:52:13-49
103            <intent-filter>
103-->[com.razorpay:checkout:1.6.26] AndroidManifest.xml:53:13-59:29
104                <action android:name="android.intent.action.MAIN" />
104-->src/main/AndroidManifest.xml:24:15-67
104-->src/main/AndroidManifest.xml:24:23-64
105
106                <data
106-->src/main/AndroidManifest.xml:48:12-61
107                    android:host="rzp.io"
107-->src/main/AndroidManifest.xml:48:18-36
108                    android:scheme="io.rzp" />
108-->src/main/AndroidManifest.xml:48:37-58
109            </intent-filter>
110        </activity>
111
112        <service android:name="io.invertase.firebase.messaging.ReactNativeFirebaseMessagingHeadlessService" />
112-->[:react-native-firebase_messaging] AndroidManifest.xml:14:9-111
112-->[:react-native-firebase_messaging] AndroidManifest.xml:14:18-108
113        <service
113-->[:react-native-firebase_messaging] AndroidManifest.xml:15:9-21:19
114            android:name="io.invertase.firebase.messaging.ReactNativeFirebaseMessagingService"
114-->[:react-native-firebase_messaging] AndroidManifest.xml:16:13-95
115            android:exported="false" >
115-->[:react-native-firebase_messaging] AndroidManifest.xml:17:13-37
116            <intent-filter>
116-->[:react-native-firebase_messaging] AndroidManifest.xml:18:13-20:29
117                <action android:name="com.google.firebase.MESSAGING_EVENT" />
117-->[:react-native-firebase_messaging] AndroidManifest.xml:19:17-78
117-->[:react-native-firebase_messaging] AndroidManifest.xml:19:25-75
118            </intent-filter>
119        </service>
120
121        <receiver
121-->[:react-native-firebase_messaging] AndroidManifest.xml:23:9-30:20
122            android:name="io.invertase.firebase.messaging.ReactNativeFirebaseMessagingReceiver"
122-->[:react-native-firebase_messaging] AndroidManifest.xml:24:13-96
123            android:exported="true"
123-->[:react-native-firebase_messaging] AndroidManifest.xml:25:13-36
124            android:permission="com.google.android.c2dm.permission.SEND" >
124-->[:react-native-firebase_messaging] AndroidManifest.xml:26:13-73
125            <intent-filter>
125-->[:react-native-firebase_messaging] AndroidManifest.xml:27:13-29:29
126                <action android:name="com.google.android.c2dm.intent.RECEIVE" />
126-->[:react-native-firebase_messaging] AndroidManifest.xml:28:17-81
126-->[:react-native-firebase_messaging] AndroidManifest.xml:28:25-78
127            </intent-filter>
128        </receiver>
129
130        <meta-data
130-->[:react-native-firebase_messaging] AndroidManifest.xml:32:9-34:36
131            android:name="firebase_messaging_auto_init_enabled"
131-->[:react-native-firebase_messaging] AndroidManifest.xml:33:13-64
132            android:value="true" />
132-->[:react-native-firebase_messaging] AndroidManifest.xml:34:13-33
133        <meta-data
133-->[:react-native-firebase_messaging] AndroidManifest.xml:35:9-37:32
134            android:name="com.google.firebase.messaging.default_notification_channel_id"
134-->[:react-native-firebase_messaging] AndroidManifest.xml:36:13-89
135            android:value="" />
135-->[:react-native-firebase_messaging] AndroidManifest.xml:37:13-29
136        <meta-data
136-->[:react-native-firebase_messaging] AndroidManifest.xml:38:9-40:47
137            android:name="com.google.firebase.messaging.default_notification_color"
137-->[:react-native-firebase_messaging] AndroidManifest.xml:39:13-84
138            android:resource="@color/white" />
138-->[:react-native-firebase_messaging] AndroidManifest.xml:40:13-44
139        <meta-data
139-->[:react-native-firebase_app] AndroidManifest.xml:10:9-12:36
140            android:name="app_data_collection_default_enabled"
140-->[:react-native-firebase_app] AndroidManifest.xml:11:13-63
141            android:value="true" />
141-->[:react-native-firebase_app] AndroidManifest.xml:12:13-33
142
143        <service
143-->[:react-native-firebase_app] AndroidManifest.xml:14:9-18:19
144            android:name="com.google.firebase.components.ComponentDiscoveryService"
144-->[:react-native-firebase_app] AndroidManifest.xml:14:18-89
145            android:directBootAware="true"
145-->[com.google.firebase:firebase-common:20.0.0] AndroidManifest.xml:35:13-43
146            android:exported="false" >
146-->[com.google.firebase:firebase-messaging:23.0.0] AndroidManifest.xml:51:13-37
147            <meta-data
147-->[:react-native-firebase_app] AndroidManifest.xml:15:13-17:85
148                android:name="com.google.firebase.components:io.invertase.firebase.app.ReactNativeFirebaseAppRegistrar"
148-->[:react-native-firebase_app] AndroidManifest.xml:16:17-120
149                android:value="com.google.firebase.components.ComponentRegistrar" />
149-->[:react-native-firebase_app] AndroidManifest.xml:17:17-82
150            <meta-data
150-->[com.google.firebase:firebase-messaging:23.0.0] AndroidManifest.xml:52:13-54:85
151                android:name="com.google.firebase.components:com.google.firebase.messaging.FirebaseMessagingRegistrar"
151-->[com.google.firebase:firebase-messaging:23.0.0] AndroidManifest.xml:53:17-119
152                android:value="com.google.firebase.components.ComponentRegistrar" />
152-->[com.google.firebase:firebase-messaging:23.0.0] AndroidManifest.xml:54:17-82
153            <meta-data
153-->[com.google.firebase:firebase-datatransport:18.0.0] AndroidManifest.xml:28:13-30:85
154                android:name="com.google.firebase.components:com.google.firebase.datatransport.TransportRegistrar"
154-->[com.google.firebase:firebase-datatransport:18.0.0] AndroidManifest.xml:29:17-115
155                android:value="com.google.firebase.components.ComponentRegistrar" />
155-->[com.google.firebase:firebase-datatransport:18.0.0] AndroidManifest.xml:30:17-82
156            <meta-data
156-->[com.google.firebase:firebase-installations:17.0.0] AndroidManifest.xml:18:13-20:85
157                android:name="com.google.firebase.components:com.google.firebase.installations.FirebaseInstallationsRegistrar"
157-->[com.google.firebase:firebase-installations:17.0.0] AndroidManifest.xml:19:17-127
158                android:value="com.google.firebase.components.ComponentRegistrar" />
158-->[com.google.firebase:firebase-installations:17.0.0] AndroidManifest.xml:20:17-82
159        </service>
160
161        <provider
161-->[:react-native-firebase_app] AndroidManifest.xml:20:9-24:38
162            android:name="io.invertase.firebase.app.ReactNativeFirebaseAppInitProvider"
162-->[:react-native-firebase_app] AndroidManifest.xml:21:13-88
163            android:authorities="com.aiba.reactnativefirebaseappinitprovider"
163-->[:react-native-firebase_app] AndroidManifest.xml:22:13-86
164            android:exported="false"
164-->[:react-native-firebase_app] AndroidManifest.xml:23:13-37
165            android:initOrder="99" />
165-->[:react-native-firebase_app] AndroidManifest.xml:24:13-35
166        <provider
166-->[:react-native-webview] AndroidManifest.xml:10:9-18:20
167            android:name="com.reactnativecommunity.webview.RNCWebViewFileProvider"
167-->[:react-native-webview] AndroidManifest.xml:11:13-83
168            android:authorities="com.aiba.fileprovider"
168-->[:react-native-webview] AndroidManifest.xml:12:13-64
169            android:exported="false"
169-->[:react-native-webview] AndroidManifest.xml:13:13-37
170            android:grantUriPermissions="true" >
170-->[:react-native-webview] AndroidManifest.xml:14:13-47
171            <meta-data
171-->[:react-native-webview] AndroidManifest.xml:15:13-17:63
172                android:name="android.support.FILE_PROVIDER_PATHS"
172-->[:react-native-webview] AndroidManifest.xml:16:17-67
173                android:resource="@xml/file_provider_paths" />
173-->[:react-native-webview] AndroidManifest.xml:17:17-60
174        </provider>
175
176        <receiver
176-->[com.google.firebase:firebase-messaging:23.0.0] AndroidManifest.xml:28:9-35:20
177            android:name="com.google.firebase.iid.FirebaseInstanceIdReceiver"
177-->[com.google.firebase:firebase-messaging:23.0.0] AndroidManifest.xml:29:13-78
178            android:exported="true"
178-->[com.google.firebase:firebase-messaging:23.0.0] AndroidManifest.xml:30:13-36
179            android:permission="com.google.android.c2dm.permission.SEND" >
179-->[com.google.firebase:firebase-messaging:23.0.0] AndroidManifest.xml:31:13-73
180            <intent-filter>
180-->[:react-native-firebase_messaging] AndroidManifest.xml:27:13-29:29
181                <action android:name="com.google.android.c2dm.intent.RECEIVE" />
181-->[:react-native-firebase_messaging] AndroidManifest.xml:28:17-81
181-->[:react-native-firebase_messaging] AndroidManifest.xml:28:25-78
182            </intent-filter>
183        </receiver>
184        <!--
185             FirebaseMessagingService performs security checks at runtime,
186             but set to not exported to explicitly avoid allowing another app to call it.
187        -->
188        <service
188-->[com.google.firebase:firebase-messaging:23.0.0] AndroidManifest.xml:41:9-48:19
189            android:name="com.google.firebase.messaging.FirebaseMessagingService"
189-->[com.google.firebase:firebase-messaging:23.0.0] AndroidManifest.xml:42:13-82
190            android:directBootAware="true"
190-->[com.google.firebase:firebase-messaging:23.0.0] AndroidManifest.xml:43:13-43
191            android:exported="false" >
191-->[com.google.firebase:firebase-messaging:23.0.0] AndroidManifest.xml:44:13-37
192            <intent-filter android:priority="-500" >
192-->[:react-native-firebase_messaging] AndroidManifest.xml:18:13-20:29
193                <action android:name="com.google.firebase.MESSAGING_EVENT" />
193-->[:react-native-firebase_messaging] AndroidManifest.xml:19:17-78
193-->[:react-native-firebase_messaging] AndroidManifest.xml:19:25-75
194            </intent-filter>
195        </service>
196        <service
196-->[com.google.android.datatransport:transport-backend-cct:3.0.0] AndroidManifest.xml:29:9-35:19
197            android:name="com.google.android.datatransport.runtime.backends.TransportBackendDiscovery"
197-->[com.google.android.datatransport:transport-backend-cct:3.0.0] AndroidManifest.xml:30:13-103
198            android:exported="false" >
198-->[com.google.android.datatransport:transport-backend-cct:3.0.0] AndroidManifest.xml:31:13-37
199            <meta-data
199-->[com.google.android.datatransport:transport-backend-cct:3.0.0] AndroidManifest.xml:32:13-34:39
200                android:name="backend:com.google.android.datatransport.cct.CctBackendFactory"
200-->[com.google.android.datatransport:transport-backend-cct:3.0.0] AndroidManifest.xml:33:17-94
201                android:value="cct" />
201-->[com.google.android.datatransport:transport-backend-cct:3.0.0] AndroidManifest.xml:34:17-36
202        </service>
203        <service
203-->[com.google.android.datatransport:transport-runtime:3.0.0] AndroidManifest.xml:26:9-30:19
204            android:name="com.google.android.datatransport.runtime.scheduling.jobscheduling.JobInfoSchedulerService"
204-->[com.google.android.datatransport:transport-runtime:3.0.0] AndroidManifest.xml:27:13-117
205            android:exported="false"
205-->[com.google.android.datatransport:transport-runtime:3.0.0] AndroidManifest.xml:28:13-37
206            android:permission="android.permission.BIND_JOB_SERVICE" >
206-->[com.google.android.datatransport:transport-runtime:3.0.0] AndroidManifest.xml:29:13-69
207        </service>
208
209        <receiver
209-->[com.google.android.datatransport:transport-runtime:3.0.0] AndroidManifest.xml:32:9-34:40
210            android:name="com.google.android.datatransport.runtime.scheduling.jobscheduling.AlarmManagerSchedulerBroadcastReceiver"
210-->[com.google.android.datatransport:transport-runtime:3.0.0] AndroidManifest.xml:33:13-132
211            android:exported="false" />
211-->[com.google.android.datatransport:transport-runtime:3.0.0] AndroidManifest.xml:34:13-37
212        <receiver
212-->[com.razorpay:checkout:1.6.26] AndroidManifest.xml:40:9-46:20
213            android:name="com.razorpay.RzpTokenReceiver"
213-->[com.razorpay:checkout:1.6.26] AndroidManifest.xml:41:13-57
214            android:exported="false" >
214-->[com.razorpay:checkout:1.6.26] AndroidManifest.xml:42:13-37
215            <intent-filter>
215-->[com.razorpay:checkout:1.6.26] AndroidManifest.xml:43:13-45:29
216                <action android:name="rzp.device_token.share" />
216-->[com.razorpay:checkout:1.6.26] AndroidManifest.xml:44:17-65
216-->[com.razorpay:checkout:1.6.26] AndroidManifest.xml:44:25-62
217            </intent-filter>
218        </receiver>
219
220        <meta-data
220-->[com.razorpay:checkout:1.6.26] AndroidManifest.xml:62:9-64:58
221            android:name="com.razorpay.plugin.googlepay_all"
221-->[com.razorpay:checkout:1.6.26] AndroidManifest.xml:63:13-61
222            android:value="com.razorpay.RzpGpayMerged" />
222-->[com.razorpay:checkout:1.6.26] AndroidManifest.xml:64:13-55
223
224        <activity
224-->[com.google.android.gms:play-services-auth:20.0.0] AndroidManifest.xml:23:9-27:75
225            android:name="com.google.android.gms.auth.api.signin.internal.SignInHubActivity"
225-->[com.google.android.gms:play-services-auth:20.0.0] AndroidManifest.xml:24:13-93
226            android:excludeFromRecents="true"
226-->[com.google.android.gms:play-services-auth:20.0.0] AndroidManifest.xml:25:13-46
227            android:exported="false"
227-->[com.google.android.gms:play-services-auth:20.0.0] AndroidManifest.xml:26:13-37
228            android:theme="@android:style/Theme.Translucent.NoTitleBar" />
228-->[com.google.android.gms:play-services-auth:20.0.0] AndroidManifest.xml:27:13-72
229        <!--
230            Service handling Google Sign-In user revocation. For apps that do not integrate with
231            Google Sign-In, this service will never be started.
232        -->
233        <service
233-->[com.google.android.gms:play-services-auth:20.0.0] AndroidManifest.xml:33:9-37:51
234            android:name="com.google.android.gms.auth.api.signin.RevocationBoundService"
234-->[com.google.android.gms:play-services-auth:20.0.0] AndroidManifest.xml:34:13-89
235            android:exported="true"
235-->[com.google.android.gms:play-services-auth:20.0.0] AndroidManifest.xml:35:13-36
236            android:permission="com.google.android.gms.auth.api.signin.permission.REVOCATION_NOTIFICATION"
236-->[com.google.android.gms:play-services-auth:20.0.0] AndroidManifest.xml:36:13-107
237            android:visibleToInstantApps="true" /> <!-- Needs to be explicitly declared on P+ -->
237-->[com.google.android.gms:play-services-auth:20.0.0] AndroidManifest.xml:37:13-48
238        <uses-library
238-->[com.google.android.gms:play-services-maps:17.0.0] AndroidManifest.xml:33:9-35:40
239            android:name="org.apache.http.legacy"
239-->[com.google.android.gms:play-services-maps:17.0.0] AndroidManifest.xml:34:13-50
240            android:required="false" />
240-->[com.google.android.gms:play-services-maps:17.0.0] AndroidManifest.xml:35:13-37
241
242        <activity
242-->[com.google.android.gms:play-services-base:18.0.0] AndroidManifest.xml:20:9-22:45
243            android:name="com.google.android.gms.common.api.GoogleApiActivity"
243-->[com.google.android.gms:play-services-base:18.0.0] AndroidManifest.xml:20:19-85
244            android:exported="false"
244-->[com.google.android.gms:play-services-base:18.0.0] AndroidManifest.xml:22:19-43
245            android:theme="@android:style/Theme.Translucent.NoTitleBar" />
245-->[com.google.android.gms:play-services-base:18.0.0] AndroidManifest.xml:21:19-78
246
247        <provider
247-->[com.google.firebase:firebase-common:20.0.0] AndroidManifest.xml:26:9-31:39
248            android:name="com.google.firebase.provider.FirebaseInitProvider"
248-->[com.google.firebase:firebase-common:20.0.0] AndroidManifest.xml:27:13-77
249            android:authorities="com.aiba.firebaseinitprovider"
249-->[com.google.firebase:firebase-common:20.0.0] AndroidManifest.xml:28:13-72
250            android:directBootAware="true"
250-->[com.google.firebase:firebase-common:20.0.0] AndroidManifest.xml:29:13-43
251            android:exported="false"
251-->[com.google.firebase:firebase-common:20.0.0] AndroidManifest.xml:30:13-37
252            android:initOrder="100" />
252-->[com.google.firebase:firebase-common:20.0.0] AndroidManifest.xml:31:13-36
253
254        <meta-data
254-->[com.google.android.gms:play-services-basement:18.0.0] AndroidManifest.xml:21:9-23:69
255            android:name="com.google.android.gms.version"
255-->[com.google.android.gms:play-services-basement:18.0.0] AndroidManifest.xml:22:13-58
256            android:value="@integer/google_play_services_version" />
256-->[com.google.android.gms:play-services-basement:18.0.0] AndroidManifest.xml:23:13-66
257    </application>
258
259</manifest>